
Showing All Errors Only

Build target Ocula of project Ocula with configuration Debug

SwiftDriver Ocula normal arm64 com.apple.xcode.tools.swift.compiler (in target 'Ocula' from project 'Ocula')
    cd /Users/tysonmiles/Desktop/ZefraLABS/Project-Ocula/Ocula-App-iOS/Ocula
    builtin-SwiftDriver -- /Applications/Xcode.app/Contents/Developer/Toolchains/XcodeDefault.xctoolchain/usr/bin/swiftc -module-name Ocula -Onone -enforce-exclusivity\=checked @/Users/tysonmiles/Library/Developer/Xcode/DerivedData/Ocula-clxcbsittvokwidwbdtnvglfmyfl/Build/Intermediates.noindex/Ocula.build/Debug-iphonesimulator/Ocula.build/Objects-normal/arm64/Ocula.SwiftFileList -DDEBUG -Xcc -fmodule-map-file\=/Users/tysonmiles/Library/Developer/Xcode/DerivedData/Ocula-clxcbsittvokwidwbdtnvglfmyfl/Build/Intermediates.noindex/GeneratedModuleMaps-iphonesimulator/GoogleDataTransport.modulemap -Xcc -fmodule-map-file\=/Users/tysonmiles/Library/Developer/Xcode/DerivedData/Ocula-clxcbsittvokwidwbdtnvglfmyfl/Build/Intermediates.noindex/GeneratedModuleMaps-iphonesimulator/FirebaseMessaging.modulemap -Xcc -fmodule-map-file\=/Users/tysonmiles/Library/Developer/Xcode/DerivedData/Ocula-clxcbsittvokwidwbdtnvglfmyfl/Build/Intermediates.noindex/GeneratedModuleMaps-iphonesimulator/FirebaseDatabaseInternal.modulemap -Xcc -fmodule-map-file\=/Users/tysonmiles/Library/Developer/Xcode/DerivedData/Ocula-clxcbsittvokwidwbdtnvglfmyfl/Build/Intermediates.noindex/GeneratedModuleMaps-iphonesimulator/abslWrapper.modulemap -Xcc -fmodule-map-file\=/Users/tysonmiles/Library/Developer/Xcode/DerivedData/Ocula-clxcbsittvokwidwbdtnvglfmyfl/Build/Intermediates.noindex/GeneratedModuleMaps-iphonesimulator/opensslWrapper.modulemap -Xcc -fmodule-map-file\=/Users/tysonmiles/Library/Developer/Xcode/DerivedData/Ocula-clxcbsittvokwidwbdtnvglfmyfl/Build/Intermediates.noindex/GeneratedModuleMaps-iphonesimulator/grpcWrapper.modulemap -Xcc -fmodule-map-file\=/Users/tysonmiles/Library/Developer/Xcode/DerivedData/Ocula-clxcbsittvokwidwbdtnvglfmyfl/Build/Intermediates.noindex/GeneratedModuleMaps-iphonesimulator/grpcppWrapper.modulemap -Xcc -fmodule-map-file\=/Users/tysonmiles/Library/Developer/Xcode/DerivedData/Ocula-clxcbsittvokwidwbdtnvglfmyfl/Build/Intermediates.noindex/GeneratedModuleMaps-iphonesimulator/nanopb.modulemap -Xcc -fmodule-map-file\=/Users/tysonmiles/Library/Developer/Xcode/DerivedData/Ocula-clxcbsittvokwidwbdtnvglfmyfl/Build/Intermediates.noindex/GeneratedModuleMaps-iphonesimulator/leveldb.modulemap -Xcc -fmodule-map-file\=/Users/tysonmiles/Library/Developer/Xcode/DerivedData/Ocula-clxcbsittvokwidwbdtnvglfmyfl/Build/Intermediates.noindex/GeneratedModuleMaps-iphonesimulator/FirebaseFirestoreInternalWrapper.modulemap -Xcc -fmodule-map-file\=/Users/tysonmiles/Library/Developer/Xcode/DerivedData/Ocula-clxcbsittvokwidwbdtnvglfmyfl/Build/Intermediates.noindex/GeneratedModuleMaps-iphonesimulator/FirebaseFirestoreTarget.modulemap -Xcc -fmodule-map-file\=/Users/tysonmiles/Library/Developer/Xcode/DerivedData/Ocula-clxcbsittvokwidwbdtnvglfmyfl/Build/Intermediates.noindex/GeneratedModuleMaps-iphonesimulator/RecaptchaInterop.modulemap -Xcc -fmodule-map-file\=/Users/tysonmiles/Library/Developer/Xcode/DerivedData/Ocula-clxcbsittvokwidwbdtnvglfmyfl/Build/Intermediates.noindex/GeneratedModuleMaps-iphonesimulator/GoogleUtilities-Network.modulemap -Xcc -fmodule-map-file\=/Users/tysonmiles/Library/Developer/Xcode/DerivedData/Ocula-clxcbsittvokwidwbdtnvglfmyfl/Build/Intermediates.noindex/GeneratedModuleMaps-iphonesimulator/GoogleUtilities-Reachability.modulemap -Xcc -fmodule-map-file\=/Users/tysonmiles/Library/Developer/Xcode/DerivedData/Ocula-clxcbsittvokwidwbdtnvglfmyfl/Build/Intermediates.noindex/GeneratedModuleMaps-iphonesimulator/GoogleUtilities-AppDelegateSwizzler.modulemap -Xcc -fmodule-map-file\=/Users/tysonmiles/Library/Developer/Xcode/DerivedData/Ocula-clxcbsittvokwidwbdtnvglfmyfl/Build/Intermediates.noindex/GeneratedModuleMaps-iphonesimulator/GTMSessionFetcherCore.modulemap -Xcc -fmodule-map-file\=/Users/tysonmiles/Library/Developer/Xcode/DerivedData/Ocula-clxcbsittvokwidwbdtnvglfmyfl/Build/Intermediates.noindex/GeneratedModuleMaps-iphonesimulator/FirebaseCoreExtension.modulemap -Xcc -fmodule-map-file\=/Users/tysonmiles/Library/Developer/Xcode/DerivedData/Ocula-clxcbsittvokwidwbdtnvglfmyfl/Build/Intermediates.noindex/GeneratedModuleMaps-iphonesimulator/FirebaseAuthInternal.modulemap -Xcc -fmodule-map-file\=/Users/tysonmiles/Library/Developer/Xcode/DerivedData/Ocula-clxcbsittvokwidwbdtnvglfmyfl/Build/Intermediates.noindex/GeneratedModuleMaps-iphonesimulator/FirebaseAuthInterop.modulemap -Xcc -fmodule-map-file\=/Users/tysonmiles/Library/Developer/Xcode/DerivedData/Ocula-clxcbsittvokwidwbdtnvglfmyfl/Build/Intermediates.noindex/GeneratedModuleMaps-iphonesimulator/FirebaseAppCheckInterop.modulemap -Xcc -fmodule-map-file\=/Users/tysonmiles/Library/Developer/Xcode/DerivedData/Ocula-clxcbsittvokwidwbdtnvglfmyfl/Build/Intermediates.noindex/GeneratedModuleMaps-iphonesimulator/GoogleUtilities-NSData.modulemap -Xcc -fmodule-map-file\=/Users/tysonmiles/Library/Developer/Xcode/DerivedData/Ocula-clxcbsittvokwidwbdtnvglfmyfl/Build/Intermediates.noindex/GeneratedModuleMaps-iphonesimulator/GoogleUtilities-Logger.modulemap -Xcc -fmodule-map-file\=/Users/tysonmiles/Library/Developer/Xcode/DerivedData/Ocula-clxcbsittvokwidwbdtnvglfmyfl/Build/Intermediates.noindex/GeneratedModuleMaps-iphonesimulator/GoogleUtilities-Environment.modulemap -Xcc -fmodule-map-file\=/Users/tysonmiles/Library/Developer/Xcode/DerivedData/Ocula-clxcbsittvokwidwbdtnvglfmyfl/Build/Intermediates.noindex/GeneratedModuleMaps-iphonesimulator/third-party-IsAppEncrypted.modulemap -Xcc -fmodule-map-file\=/Users/tysonmiles/Library/Developer/Xcode/DerivedData/Ocula-clxcbsittvokwidwbdtnvglfmyfl/Build/Intermediates.noindex/GeneratedModuleMaps-iphonesimulator/GoogleUtilities-UserDefaults.modulemap -Xcc -fmodule-map-file\=/Users/tysonmiles/Library/Developer/Xcode/DerivedData/Ocula-clxcbsittvokwidwbdtnvglfmyfl/Build/Intermediates.noindex/GeneratedModuleMaps-iphonesimulator/FirebaseRemoteConfigInternal.modulemap -Xcc -fmodule-map-file\=/Users/tysonmiles/Library/Developer/Xcode/DerivedData/Ocula-clxcbsittvokwidwbdtnvglfmyfl/Build/Intermediates.noindex/GeneratedModuleMaps-iphonesimulator/FirebaseInstallations.modulemap -Xcc -fmodule-map-file\=/Users/tysonmiles/Library/Developer/Xcode/DerivedData/Ocula-clxcbsittvokwidwbdtnvglfmyfl/Build/Intermediates.noindex/GeneratedModuleMaps-iphonesimulator/FirebaseABTesting.modulemap -Xcc -fmodule-map-file\=/Users/tysonmiles/Library/Developer/Xcode/DerivedData/Ocula-clxcbsittvokwidwbdtnvglfmyfl/Build/Intermediates.noindex/GeneratedModuleMaps-iphonesimulator/FirebaseCore.modulemap -default-isolation\=MainActor -enable-bare-slash-regex -enable-upcoming-feature DisableOutwardActorInference -enable-upcoming-feature InferSendableFromCaptures -enable-upcoming-feature GlobalActorIsolatedTypesUsability -enable-upcoming-feature MemberImportVisibility -enable-upcoming-feature InferIsolatedConformances -enable-upcoming-feature NonisolatedNonsendingByDefault -enable-experimental-feature DebugDescriptionMacro -sdk /Applications/Xcode.app/Contents/Developer/Platforms/iPhoneSimulator.platform/Developer/SDKs/iPhoneSimulator26.2.sdk -target arm64-apple-ios26.0-simulator -g -module-cache-path /Users/tysonmiles/Library/Developer/Xcode/DerivedData/ModuleCache.noindex -Xfrontend -serialize-debugging-options -profile-coverage-mapping -profile-generate -enable-testing -index-store-path /Users/tysonmiles/Library/Developer/Xcode/DerivedData/Ocula-clxcbsittvokwidwbdtnvglfmyfl/Index.noindex/DataStore -Xcc -D_LIBCPP_HARDENING_MODE\=_LIBCPP_HARDENING_MODE_DEBUG -swift-version 5 -I /Users/tysonmiles/Library/Developer/Xcode/DerivedData/Ocula-clxcbsittvokwidwbdtnvglfmyfl/Build/Products/Debug-iphonesimulator -F /Users/tysonmiles/Library/Developer/Xcode/DerivedData/Ocula-clxcbsittvokwidwbdtnvglfmyfl/Build/Products/Debug-iphonesimulator/PackageFrameworks -F /Users/tysonmiles/Library/Developer/Xcode/DerivedData/Ocula-clxcbsittvokwidwbdtnvglfmyfl/Build/Products/Debug-iphonesimulator/PackageFrameworks -F /Users/tysonmiles/Library/Developer/Xcode/DerivedData/Ocula-clxcbsittvokwidwbdtnvglfmyfl/Build/Products/Debug-iphonesimulator/PackageFrameworks -F /Users/tysonmiles/Library/Developer/Xcode/DerivedData/Ocula-clxcbsittvokwidwbdtnvglfmyfl/Build/Products/Debug-iphonesimulator/PackageFrameworks -F /Users/tysonmiles/Library/Developer/Xcode/DerivedData/Ocula-clxcbsittvokwidwbdtnvglfmyfl/Build/Products/Debug-iphonesimulator/PackageFrameworks -F /Users/tysonmiles/Library/Developer/Xcode/DerivedData/Ocula-clxcbsittvokwidwbdtnvglfmyfl/Build/Products/Debug-iphonesimulator/PackageFrameworks -F /Users/tysonmiles/Library/Developer/Xcode/DerivedData/Ocula-clxcbsittvokwidwbdtnvglfmyfl/Build/Products/Debug-iphonesimulator/PackageFrameworks -F /Users/tysonmiles/Library/Developer/Xcode/DerivedData/Ocula-clxcbsittvokwidwbdtnvglfmyfl/Build/Products/Debug-iphonesimulator/PackageFrameworks -F /Users/tysonmiles/Library/Developer/Xcode/DerivedData/Ocula-clxcbsittvokwidwbdtnvglfmyfl/Build/Products/Debug-iphonesimulator/PackageFrameworks -F /Users/tysonmiles/Library/Developer/Xcode/DerivedData/Ocula-clxcbsittvokwidwbdtnvglfmyfl/Build/Products/Debug-iphonesimulator/PackageFrameworks -F /Users/tysonmiles/Library/Developer/Xcode/DerivedData/Ocula-clxcbsittvokwidwbdtnvglfmyfl/Build/Products/Debug-iphonesimulator/PackageFrameworks -F /Users/tysonmiles/Library/Developer/Xcode/DerivedData/Ocula-clxcbsittvokwidwbdtnvglfmyfl/Build/Products/Debug-iphonesimulator/PackageFrameworks -F /Users/tysonmiles/Library/Developer/Xcode/DerivedData/Ocula-clxcbsittvokwidwbdtnvglfmyfl/Build/Products/Debug-iphonesimulator/PackageFrameworks -F /Users/tysonmiles/Library/Developer/Xcode/DerivedData/Ocula-clxcbsittvokwidwbdtnvglfmyfl/Build/Products/Debug-iphonesimulator/PackageFrameworks -F /Users/tysonmiles/Library/Developer/Xcode/DerivedData/Ocula-clxcbsittvokwidwbdtnvglfmyfl/Build/Products/Debug-iphonesimulator/PackageFrameworks -F /Users/tysonmiles/Library/Developer/Xcode/DerivedData/Ocula-clxcbsittvokwidwbdtnvglfmyfl/Build/Products/Debug-iphonesimulator/PackageFrameworks -F /Users/tysonmiles/Library/Developer/Xcode/DerivedData/Ocula-clxcbsittvokwidwbdtnvglfmyfl/Build/Products/Debug-iphonesimulator/PackageFrameworks -F /Users/tysonmiles/Library/Developer/Xcode/DerivedData/Ocula-clxcbsittvokwidwbdtnvglfmyfl/Build/Products/Debug-iphonesimulator/PackageFrameworks -F /Users/tysonmiles/Library/Developer/Xcode/DerivedData/Ocula-clxcbsittvokwidwbdtnvglfmyfl/Build/Products/Debug-iphonesimulator/PackageFrameworks -F /Users/tysonmiles/Library/Developer/Xcode/DerivedData/Ocula-clxcbsittvokwidwbdtnvglfmyfl/Build/Products/Debug-iphonesimulator/PackageFrameworks -F /Users/tysonmiles/Library/Developer/Xcode/DerivedData/Ocula-clxcbsittvokwidwbdtnvglfmyfl/Build/Products/Debug-iphonesimulator/PackageFrameworks -F /Users/tysonmiles/Library/Developer/Xcode/DerivedData/Ocula-clxcbsittvokwidwbdtnvglfmyfl/Build/Products/Debug-iphonesimulator/PackageFrameworks -F /Users/tysonmiles/Library/Developer/Xcode/DerivedData/Ocula-clxcbsittvokwidwbdtnvglfmyfl/Build/Products/Debug-iphonesimulator/PackageFrameworks -F /Users/tysonmiles/Library/Developer/Xcode/DerivedData/Ocula-clxcbsittvokwidwbdtnvglfmyfl/Build/Products/Debug-iphonesimulator/PackageFrameworks -F /Users/tysonmiles/Library/Developer/Xcode/DerivedData/Ocula-clxcbsittvokwidwbdtnvglfmyfl/Build/Products/Debug-iphonesimulator/PackageFrameworks -F /Users/tysonmiles/Library/Developer/Xcode/DerivedData/Ocula-clxcbsittvokwidwbdtnvglfmyfl/Build/Products/Debug-iphonesimulator/PackageFrameworks -F /Users/tysonmiles/Library/Developer/Xcode/DerivedData/Ocula-clxcbsittvokwidwbdtnvglfmyfl/Build/Products/Debug-iphonesimulator/PackageFrameworks -F /Users/tysonmiles/Library/Developer/Xcode/DerivedData/Ocula-clxcbsittvokwidwbdtnvglfmyfl/Build/Products/Debug-iphonesimulator/PackageFrameworks -F /Users/tysonmiles/Library/Developer/Xcode/DerivedData/Ocula-clxcbsittvokwidwbdtnvglfmyfl/Build/Products/Debug-iphonesimulator/PackageFrameworks -F /Users/tysonmiles/Library/Developer/Xcode/DerivedData/Ocula-clxcbsittvokwidwbdtnvglfmyfl/Build/Products/Debug-iphonesimulator/PackageFrameworks -F /Users/tysonmiles/Library/Developer/Xcode/DerivedData/Ocula-clxcbsittvokwidwbdtnvglfmyfl/Build/Products/Debug-iphonesimulator/PackageFrameworks -F /Users/tysonmiles/Library/Developer/Xcode/DerivedData/Ocula-clxcbsittvokwidwbdtnvglfmyfl/Build/Products/Debug-iphonesimulator/PackageFrameworks -F /Users/tysonmiles/Library/Developer/Xcode/DerivedData/Ocula-clxcbsittvokwidwbdtnvglfmyfl/Build/Products/Debug-iphonesimulator/PackageFrameworks -F /Users/tysonmiles/Library/Developer/Xcode/DerivedData/Ocula-clxcbsittvokwidwbdtnvglfmyfl/Build/Products/Debug-iphonesimulator/PackageFrameworks -F /Users/tysonmiles/Library/Developer/Xcode/DerivedData/Ocula-clxcbsittvokwidwbdtnvglfmyfl/Build/Products/Debug-iphonesimulator/PackageFrameworks -F /Users/tysonmiles/Library/Developer/Xcode/DerivedData/Ocula-clxcbsittvokwidwbdtnvglfmyfl/Build/Products/Debug-iphonesimulator/PackageFrameworks -F /Users/tysonmiles/Library/Developer/Xcode/DerivedData/Ocula-clxcbsittvokwidwbdtnvglfmyfl/Build/Products/Debug-iphonesimulator/PackageFrameworks -F /Users/tysonmiles/Library/Developer/Xcode/DerivedData/Ocula-clxcbsittvokwidwbdtnvglfmyfl/Build/Products/Debug-iphonesimulator/PackageFrameworks -F /Users/tysonmiles/Library/Developer/Xcode/DerivedData/Ocula-clxcbsittvokwidwbdtnvglfmyfl/Build/Products/Debug-iphonesimulator/PackageFrameworks -F /Users/tysonmiles/Library/Developer/Xcode/DerivedData/Ocula-clxcbsittvokwidwbdtnvglfmyfl/Build/Products/Debug-iphonesimulator/PackageFrameworks -F /Users/tysonmiles/Library/Developer/Xcode/DerivedData/Ocula-clxcbsittvokwidwbdtnvglfmyfl/Build/Products/Debug-iphonesimulator/PackageFrameworks -F /Users/tysonmiles/Library/Developer/Xcode/DerivedData/Ocula-clxcbsittvokwidwbdtnvglfmyfl/Build/Products/Debug-iphonesimulator -emit-localized-strings -emit-localized-strings-path /Users/tysonmiles/Library/Developer/Xcode/DerivedData/Ocula-clxcbsittvokwidwbdtnvglfmyfl/Build/Intermediates.noindex/Ocula.build/Debug-iphonesimulator/Ocula.build/Objects-normal/arm64 -c -j8 -enable-batch-mode -incremental -Xcc -ivfsstatcache -Xcc /Users/tysonmiles/Library/Developer/Xcode/DerivedData/SDKStatCaches.noindex/iphonesimulator26.2-23C53-7d00a8b37fbd7999ea79df8ebc024bf0.sdkstatcache -output-file-map /Users/tysonmiles/Library/Developer/Xcode/DerivedData/Ocula-clxcbsittvokwidwbdtnvglfmyfl/Build/Intermediates.noindex/Ocula.build/Debug-iphonesimulator/Ocula.build/Objects-normal/arm64/Ocula-OutputFileMap.json -use-frontend-parseable-output -save-temps -no-color-diagnostics -explicit-module-build -module-cache-path /Users/tysonmiles/Library/Developer/Xcode/DerivedData/Ocula-clxcbsittvokwidwbdtnvglfmyfl/Build/Intermediates.noindex/SwiftExplicitPrecompiledModules -clang-scanner-module-cache-path /Users/tysonmiles/Library/Developer/Xcode/DerivedData/ModuleCache.noindex -sdk-module-cache-path /Users/tysonmiles/Library/Developer/Xcode/DerivedData/ModuleCache.noindex -serialize-diagnostics -emit-dependencies -emit-module -emit-module-path /Users/tysonmiles/Library/Developer/Xcode/DerivedData/Ocula-clxcbsittvokwidwbdtnvglfmyfl/Build/Intermediates.noindex/Ocula.build/Debug-iphonesimulator/Ocula.build/Objects-normal/arm64/Ocula.swiftmodule -validate-clang-modules-once -clang-build-session-file /Users/tysonmiles/Library/Developer/Xcode/DerivedData/ModuleCache.noindex/Session.modulevalidation -Xcc -I/Users/tysonmiles/Library/Developer/Xcode/DerivedData/Ocula-clxcbsittvokwidwbdtnvglfmyfl/Build/Intermediates.noindex/Ocula.build/Debug-iphonesimulator/Ocula.build/swift-overrides.hmap -emit-const-values -Xfrontend -const-gather-protocols-file -Xfrontend /Users/tysonmiles/Library/Developer/Xcode/DerivedData/Ocula-clxcbsittvokwidwbdtnvglfmyfl/Build/Intermediates.noindex/Ocula.build/Debug-iphonesimulator/Ocula.build/Objects-normal/arm64/Ocula_const_extract_protocols.json -Xcc -iquote -Xcc /Users/tysonmiles/Library/Developer/Xcode/DerivedData/Ocula-clxcbsittvokwidwbdtnvglfmyfl/Build/Intermediates.noindex/Ocula.build/Debug-iphonesimulator/Ocula.build/Ocula-generated-files.hmap -Xcc -I/Users/tysonmiles/Library/Developer/Xcode/DerivedData/Ocula-clxcbsittvokwidwbdtnvglfmyfl/Build/Intermediates.noindex/Ocula.build/Debug-iphonesimulator/Ocula.build/Ocula-own-target-headers.hmap -Xcc -I/Users/tysonmiles/Library/Developer/Xcode/DerivedData/Ocula-clxcbsittvokwidwbdtnvglfmyfl/Build/Intermediates.noindex/Ocula.build/Debug-iphonesimulator/Ocula.build/Ocula-all-non-framework-target-headers.hmap -Xcc -ivfsoverlay -Xcc /Users/tysonmiles/Library/Developer/Xcode/DerivedData/Ocula-clxcbsittvokwidwbdtnvglfmyfl/Build/Intermediates.noindex/Ocula.build/Debug-iphonesimulator/Ocula-4539ddc4414f11d7c289e2da956ee2d8-VFS-iphonesimulator/all-product-headers.yaml -Xcc -iquote -Xcc /Users/tysonmiles/Library/Developer/Xcode/DerivedData/Ocula-clxcbsittvokwidwbdtnvglfmyfl/Build/Intermediates.noindex/Ocula.build/Debug-iphonesimulator/Ocula.build/Ocula-project-headers.hmap -Xcc -I/Users/tysonmiles/Library/Developer/Xcode/DerivedData/Ocula-clxcbsittvokwidwbdtnvglfmyfl/SourcePackages/checkouts/GoogleDataTransport/GoogleDataTransport/GDTCORLibrary/Public -Xcc -I/Users/tysonmiles/Library/Developer/Xcode/DerivedData/Ocula-clxcbsittvokwidwbdtnvglfmyfl/SourcePackages/checkouts/firebase-ios-sdk/FirebaseMessaging/Sources/Public -Xcc -I/Users/tysonmiles/Library/Developer/Xcode/DerivedData/Ocula-clxcbsittvokwidwbdtnvglfmyfl/SourcePackages/checkouts/firebase-ios-sdk/FirebaseDatabase/Sources/Public -Xcc -I/Users/tysonmiles/Library/Developer/Xcode/DerivedData/Ocula-clxcbsittvokwidwbdtnvglfmyfl/SourcePackages/checkouts/abseil-cpp-binary/absl-Wrapper/include -Xcc -I/Users/tysonmiles/Library/Developer/Xcode/DerivedData/Ocula-clxcbsittvokwidwbdtnvglfmyfl/SourcePackages/checkouts/grpc-binary/openssl-grpc-Wrapper/include -Xcc -I/Users/tysonmiles/Library/Developer/Xcode/DerivedData/Ocula-clxcbsittvokwidwbdtnvglfmyfl/SourcePackages/checkouts/grpc-binary/grpc-Wrapper/include -Xcc -I/Users/tysonmiles/Library/Developer/Xcode/DerivedData/Ocula-clxcbsittvokwidwbdtnvglfmyfl/SourcePackages/checkouts/grpc-binary/grpcpp-Wrapper/include -Xcc -I/Users/tysonmiles/Library/Developer/Xcode/DerivedData/Ocula-clxcbsittvokwidwbdtnvglfmyfl/SourcePackages/checkouts/nanopb/spm_headers -Xcc -I/Users/tysonmiles/Library/Developer/Xcode/DerivedData/Ocula-clxcbsittvokwidwbdtnvglfmyfl/SourcePackages/checkouts/leveldb/include -Xcc -I/Users/tysonmiles/Library/Developer/Xcode/DerivedData/Ocula-clxcbsittvokwidwbdtnvglfmyfl/SourcePackages/checkouts/firebase-ios-sdk/FirebaseFirestoreInternal -Xcc -I/Users/tysonmiles/Library/Developer/Xcode/DerivedData/Ocula-clxcbsittvokwidwbdtnvglfmyfl/SourcePackages/checkouts/firebase-ios-sdk/SwiftPM-PlatformExclude/FirebaseFirestoreWrap/include -Xcc -I/Users/tysonmiles/Library/Developer/Xcode/DerivedData/Ocula-clxcbsittvokwidwbdtnvglfmyfl/SourcePackages/checkouts/interop-ios-for-google-sdks/RecaptchaEnterprise/RecaptchaInterop/Public -Xcc -I/Users/tysonmiles/Library/Developer/Xcode/DerivedData/Ocula-clxcbsittvokwidwbdtnvglfmyfl/SourcePackages/checkouts/GoogleUtilities/GoogleUtilities/Network/Public -Xcc -I/Users/tysonmiles/Library/Developer/Xcode/DerivedData/Ocula-clxcbsittvokwidwbdtnvglfmyfl/SourcePackages/checkouts/GoogleUtilities/GoogleUtilities/Reachability/Public -Xcc -I/Users/tysonmiles/Library/Developer/Xcode/DerivedData/Ocula-clxcbsittvokwidwbdtnvglfmyfl/SourcePackages/checkouts/GoogleUtilities/GoogleUtilities/AppDelegateSwizzler/Public -Xcc -I/Users/tysonmiles/Library/Developer/Xcode/DerivedData/Ocula-clxcbsittvokwidwbdtnvglfmyfl/SourcePackages/checkouts/gtm-session-fetcher/Sources/Core/Public -Xcc -I/Users/tysonmiles/Library/Developer/Xcode/DerivedData/Ocula-clxcbsittvokwidwbdtnvglfmyfl/SourcePackages/checkouts/firebase-ios-sdk/FirebaseCore/Extension -Xcc -I/Users/tysonmiles/Library/Developer/Xcode/DerivedData/Ocula-clxcbsittvokwidwbdtnvglfmyfl/SourcePackages/checkouts/firebase-ios-sdk/FirebaseAuth/Sources/Public -Xcc -I/Users/tysonmiles/Library/Developer/Xcode/DerivedData/Ocula-clxcbsittvokwidwbdtnvglfmyfl/SourcePackages/checkouts/firebase-ios-sdk/FirebaseAuth/Interop/Public -Xcc -I/Users/tysonmiles/Library/Developer/Xcode/DerivedData/Ocula-clxcbsittvokwidwbdtnvglfmyfl/SourcePackages/checkouts/firebase-ios-sdk/FirebaseAppCheck/Interop/Public -Xcc -I/Users/tysonmiles/Library/Developer/Xcode/DerivedData/Ocula-clxcbsittvokwidwbdtnvglfmyfl/SourcePackages/checkouts/GoogleUtilities/GoogleUtilities/NSData+zlib/Public -Xcc -I/Users/tysonmiles/Library/Developer/Xcode/DerivedData/Ocula-clxcbsittvokwidwbdtnvglfmyfl/SourcePackages/checkouts/promises/Sources/FBLPromises/include -Xcc -I/Users/tysonmiles/Library/Developer/Xcode/DerivedData/Ocula-clxcbsittvokwidwbdtnvglfmyfl/SourcePackages/checkouts/GoogleUtilities/GoogleUtilities/Logger/Public -Xcc -I/Users/tysonmiles/Library/Developer/Xcode/DerivedData/Ocula-clxcbsittvokwidwbdtnvglfmyfl/SourcePackages/checkouts/GoogleUtilities/GoogleUtilities/Environment/Public -Xcc -I/Users/tysonmiles/Library/Developer/Xcode/DerivedData/Ocula-clxcbsittvokwidwbdtnvglfmyfl/SourcePackages/checkouts/GoogleUtilities/third_party/IsAppEncrypted/Public -Xcc -I/Users/tysonmiles/Library/Developer/Xcode/DerivedData/Ocula-clxcbsittvokwidwbdtnvglfmyfl/SourcePackages/checkouts/GoogleUtilities/GoogleUtilities/UserDefaults/Public -Xcc -I/Users/tysonmiles/Library/Developer/Xcode/DerivedData/Ocula-clxcbsittvokwidwbdtnvglfmyfl/SourcePackages/checkouts/firebase-ios-sdk/FirebaseRemoteConfig/Sources/Public -Xcc -I/Users/tysonmiles/Library/Developer/Xcode/DerivedData/Ocula-clxcbsittvokwidwbdtnvglfmyfl/SourcePackages/checkouts/firebase-ios-sdk/FirebaseInstallations/Source/Library/Public -Xcc -I/Users/tysonmiles/Library/Developer/Xcode/DerivedData/Ocula-clxcbsittvokwidwbdtnvglfmyfl/SourcePackages/checkouts/firebase-ios-sdk/FirebaseABTesting/Sources/Public -Xcc -I/Users/tysonmiles/Library/Developer/Xcode/DerivedData/Ocula-clxcbsittvokwidwbdtnvglfmyfl/SourcePackages/checkouts/firebase-ios-sdk/FirebaseCore/Sources/Public -Xcc -I/Users/tysonmiles/Library/Developer/Xcode/DerivedData/Ocula-clxcbsittvokwidwbdtnvglfmyfl/SourcePackages/checkouts/firebase-ios-sdk/CoreOnly/Sources -Xcc -I/Users/tysonmiles/Library/Developer/Xcode/DerivedData/Ocula-clxcbsittvokwidwbdtnvglfmyfl/Build/Products/Debug-iphonesimulator/include -Xcc -I/Users/tysonmiles/Library/Developer/Xcode/DerivedData/Ocula-clxcbsittvokwidwbdtnvglfmyfl/Build/Intermediates.noindex/Ocula.build/Debug-iphonesimulator/Ocula.build/DerivedSources-normal/arm64 -Xcc -I/Users/tysonmiles/Library/Developer/Xcode/DerivedData/Ocula-clxcbsittvokwidwbdtnvglfmyfl/Build/Intermediates.noindex/Ocula.build/Debug-iphonesimulator/Ocula.build/DerivedSources/arm64 -Xcc -I/Users/tysonmiles/Library/Developer/Xcode/DerivedData/Ocula-clxcbsittvokwidwbdtnvglfmyfl/Build/Intermediates.noindex/Ocula.build/Debug-iphonesimulator/Ocula.build/DerivedSources -Xcc -DDEBUG\=1 -emit-objc-header -emit-objc-header-path /Users/tysonmiles/Library/Developer/Xcode/DerivedData/Ocula-clxcbsittvokwidwbdtnvglfmyfl/Build/Intermediates.noindex/Ocula.build/Debug-iphonesimulator/Ocula.build/Objects-normal/arm64/Ocula-Swift.h -working-directory /Users/tysonmiles/Desktop/ZefraLABS/Project-Ocula/Ocula-App-iOS/Ocula -experimental-emit-module-separately -disable-cmo

/Users/tysonmiles/Desktop/ZefraLABS/Project-Ocula/Ocula-App-iOS/Ocula/Ocula/Features/Profile/ProfileTabView.swift:261:64: error: Unterminated string literal
                                UIPasteboard.general.string = \"\\(metric.title): \\(metric.score)\"\n                                print(\"Shared breakdown\")\n                            }
                                                               ^ (in target 'Ocula' from project 'Ocula')
/Users/tysonmiles/Desktop/ZefraLABS/Project-Ocula/Ocula-App-iOS/Ocula/Ocula/Features/Profile/ProfileTabView.swift:264:17: error: Expected ')' in expression list
                }
                ^ (in target 'Ocula' from project 'Ocula')
/Users/tysonmiles/Desktop/ZefraLABS/Project-Ocula/Ocula-App-iOS/Ocula/Ocula/Features/Profile/ProfileTabView.swift:254:42: note: To match this opening '('
                        BreakdownCardView(
                                         ^ (in target 'Ocula' from project 'Ocula')
/Users/tysonmiles/Desktop/ZefraLABS/Project-Ocula/Ocula-App-iOS/Ocula/Ocula/Features/Profile/ProfileTabView.swift:285:64: error: Unterminated string literal
                                UIPasteboard.general.string = \"\\(achievement.title) — \\(achievement.subtitle)\"\n                                print(\"Shared achievement\")\n                            } (in target 'Ocula' from project 'Ocula')
/Users/tysonmiles/Desktop/ZefraLABS/Project-Ocula/Ocula-App-iOS/Ocula/Ocula/Features/Profile/ProfileTabView.swift:288:17: error: Expected ')' in expression list
                }
                ^ (in target 'Ocula' from project 'Ocula')
/Users/tysonmiles/Desktop/ZefraLABS/Project-Ocula/Ocula-App-iOS/Ocula/Ocula/Features/Profile/ProfileTabView.swift:278:44: note: To match this opening '('
                        AchievementCardView(
                                           ^ (in target 'Ocula' from project 'Ocula')
/Users/tysonmiles/Desktop/ZefraLABS/Project-Ocula/Ocula-App-iOS/Ocula/Ocula/Features/Profile/ProfileTabView.swift:302:1: error: Attribute 'private' can only be used in a non-local scope
private extension ProfileView {
^ (in target 'Ocula' from project 'Ocula')
/Users/tysonmiles/Desktop/ZefraLABS/Project-Ocula/Ocula-App-iOS/Ocula/Ocula/Features/Profile/ProfileTabView.swift:302:9: error: Declaration is only valid at file scope
private extension ProfileView {
        ^ (in target 'Ocula' from project 'Ocula')
/Users/tysonmiles/Desktop/ZefraLABS/Project-Ocula/Ocula-App-iOS/Ocula/Ocula/Features/Profile/ProfileTabView.swift:315:1: error: Attribute 'private' can only be used in a non-local scope
private extension ProfileView {
^ (in target 'Ocula' from project 'Ocula')
/Users/tysonmiles/Desktop/ZefraLABS/Project-Ocula/Ocula-App-iOS/Ocula/Ocula/Features/Profile/ProfileTabView.swift:315:9: error: Declaration is only valid at file scope
private extension ProfileView {
        ^ (in target 'Ocula' from project 'Ocula')
/Users/tysonmiles/Desktop/ZefraLABS/Project-Ocula/Ocula-App-iOS/Ocula/Ocula/Features/Profile/ProfileTabView.swift:354:1: error: Attribute 'private' can only be used in a non-local scope
private extension ProfileView {
^ (in target 'Ocula' from project 'Ocula')
/Users/tysonmiles/Desktop/ZefraLABS/Project-Ocula/Ocula-App-iOS/Ocula/Ocula/Features/Profile/ProfileTabView.swift:354:9: error: Declaration is only valid at file scope
private extension ProfileView {
        ^ (in target 'Ocula' from project 'Ocula')
/Users/tysonmiles/Desktop/ZefraLABS/Project-Ocula/Ocula-App-iOS/Ocula/Ocula/Features/Profile/ProfileTabView.swift:376:1: error: Expected '}' at end of brace statement

^ (in target 'Ocula' from project 'Ocula')
/Users/tysonmiles/Desktop/ZefraLABS/Project-Ocula/Ocula-App-iOS/Ocula/Ocula/Features/Profile/ProfileTabView.swift:246:37: note: To match this opening '{'
    var breakdownSection: some View {
                                    ^ (in target 'Ocula' from project 'Ocula')
/Users/tysonmiles/Desktop/ZefraLABS/Project-Ocula/Ocula-App-iOS/Ocula/Ocula/Features/Profile/ProfileTabView.swift:376:1: error: Expected '}' at end of extension

^ (in target 'Ocula' from project 'Ocula')
/Users/tysonmiles/Desktop/ZefraLABS/Project-Ocula/Ocula-App-iOS/Ocula/Ocula/Features/Profile/ProfileTabView.swift:87:31: note: To match this opening '{'
private extension ProfileView {
                              ^ (in target 'Ocula' from project 'Ocula')
/Users/tysonmiles/Library/Developer/Xcode/DerivedData/Ocula-clxcbsittvokwidwbdtnvglfmyfl/Build/Intermediates.noindex/Ocula.build/Debug-iphonesimulator/Ocula.build/DerivedSources/GeneratedAssetSymbols.swift:181:14: warning: The "Primary" color asset name resolves to a conflicting Color symbol "primary". Try renaming the asset.
    #warning("The \"Primary\" color asset name resolves to a conflicting Color symbol \"primary\". Try renaming the asset.")
             ^~~~~~~~~~~~~~~~~~~~~~~~~~~~~~~~~~~~~~~~~~~~~~~~~~~~~~~~~~~~~~~~~~~~~~~~~~~~~~~~~~~~~~~~~~~~~~~~~~~~~~~~~~~~~~ (in target 'Ocula' from project 'Ocula')
/Users/tysonmiles/Library/Developer/Xcode/DerivedData/Ocula-clxcbsittvokwidwbdtnvglfmyfl/Build/Intermediates.noindex/Ocula.build/Debug-iphonesimulator/Ocula.build/DerivedSources/GeneratedAssetSymbols.swift:183:14: warning: The "Secondary" color asset name resolves to a conflicting Color symbol "secondary". Try renaming the asset.
    #warning("The \"Secondary\" color asset name resolves to a conflicting Color symbol \"secondary\". Try renaming the asset.")
             ^~~~~~~~~~~~~~~~~~~~~~~~~~~~~~~~~~~~~~~~~~~~~~~~~~~~~~~~~~~~~~~~~~~~~~~~~~~~~~~~~~~~~~~~~~~~~~~~~~~~~~~~~~~~~~~~~~ (in target 'Ocula' from project 'Ocula')

/Users/tysonmiles/Desktop/ZefraLABS/Project-Ocula/Ocula-App-iOS/Ocula/Ocula/Features/Profile/ProfileTabView.swift:261:64: Unterminated string literal
                                UIPasteboard.general.string = \"\\(metric.title): \\(metric.score)\"\n                                print(\"Shared breakdown\")\n                            }
                                                               ^

/Users/tysonmiles/Desktop/ZefraLABS/Project-Ocula/Ocula-App-iOS/Ocula/Ocula/Features/Profile/ProfileTabView.swift:264:17: Expected ')' in expression list
                }
                ^

/Users/tysonmiles/Desktop/ZefraLABS/Project-Ocula/Ocula-App-iOS/Ocula/Ocula/Features/Profile/ProfileTabView.swift:285:64: Unterminated string literal
                                UIPasteboard.general.string = \"\\(achievement.title) — \\(achievement.subtitle)\"\n                                print(\"Shared achievement\")\n                            }

/Users/tysonmiles/Desktop/ZefraLABS/Project-Ocula/Ocula-App-iOS/Ocula/Ocula/Features/Profile/ProfileTabView.swift:288:17: Expected ')' in expression list
                }
                ^

/Users/tysonmiles/Desktop/ZefraLABS/Project-Ocula/Ocula-App-iOS/Ocula/Ocula/Features/Profile/ProfileTabView.swift:302:1: Attribute 'private' can only be used in a non-local scope
private extension ProfileView {
^

/Users/tysonmiles/Desktop/ZefraLABS/Project-Ocula/Ocula-App-iOS/Ocula/Ocula/Features/Profile/ProfileTabView.swift:302:9: Declaration is only valid at file scope
private extension ProfileView {
        ^

/Users/tysonmiles/Desktop/ZefraLABS/Project-Ocula/Ocula-App-iOS/Ocula/Ocula/Features/Profile/ProfileTabView.swift:315:1: Attribute 'private' can only be used in a non-local scope
private extension ProfileView {
^

/Users/tysonmiles/Desktop/ZefraLABS/Project-Ocula/Ocula-App-iOS/Ocula/Ocula/Features/Profile/ProfileTabView.swift:315:9: Declaration is only valid at file scope
private extension ProfileView {
        ^

/Users/tysonmiles/Desktop/ZefraLABS/Project-Ocula/Ocula-App-iOS/Ocula/Ocula/Features/Profile/ProfileTabView.swift:354:1: Attribute 'private' can only be used in a non-local scope
private extension ProfileView {
^

/Users/tysonmiles/Desktop/ZefraLABS/Project-Ocula/Ocula-App-iOS/Ocula/Ocula/Features/Profile/ProfileTabView.swift:354:9: Declaration is only valid at file scope
private extension ProfileView {
        ^

/Users/tysonmiles/Desktop/ZefraLABS/Project-Ocula/Ocula-App-iOS/Ocula/Ocula/Features/Profile/ProfileTabView.swift:376:1: Expected '}' at end of brace statement

^

/Users/tysonmiles/Desktop/ZefraLABS/Project-Ocula/Ocula-App-iOS/Ocula/Ocula/Features/Profile/ProfileTabView.swift:376:1: Expected '}' at end of extension

^



Build failed    7/2/2026, 9:38 pm    12.0 seconds
